2024-06-10 10:13:26,246 INFO Объявляем переменные
2024-06-10 10:13:27,095 WARNING Создаем серверный сокет без блокирования основного потока в ожидании подключения
2024-06-10 10:13:27,095 WARNING Создаем сокет, который работает без блокирования основного потока
2024-06-10 10:13:27,096 INFO Биндим сервер на нужный адрес и порт
2024-06-10 10:13:27,099 INFO Установка максимального количество подключений
2024-06-10 10:13:27,099 INFO server is running, please, press ctrl+c to stop
2024-06-10 10:13:28,950 WARNING Обрабатываем события на вход
2024-06-10 10:13:28,950 INFO Новое соединение ('127.0.0.1', 60520)
2024-06-10 10:13:28,950 WARNING Отправление данных при освобождении помяти от подключения
2024-06-10 10:13:43,130 WARNING Обрабатываем события на вход
2024-06-10 10:13:43,130 INFO Обрабатываем не!серверный сокет
2024-06-10 10:13:43,130 WARNING Получаем данные из буфера и парсим их
2024-06-10 10:13:43,130 WARNING Запуск функции CheckLocalFile
2024-06-10 10:13:43,132 WARNING Отправление данных при освобождении помяти от подключения
2024-06-10 10:13:43,132 WARNING Обрабатываем события на вход
2024-06-10 10:13:43,132 WARNING Отправление данных при освобождении помяти от подключения
2024-06-10 10:13:43,132 WARNING Отправка сообщения об окончании соединения
2024-06-10 10:13:43,132 WARNING Обрабатываем события на вход
2024-06-10 10:13:43,132 WARNING Отправление данных при освобождении помяти от подключения
2024-06-10 10:13:43,132 WARNING Отправка сообщения об окончании соединения
2024-06-10 10:13:43,133 WARNING Обрабатываем события на вход
2024-06-10 10:13:43,133 WARNING Отправление данных при освобождении помяти от подключения
2024-06-10 10:13:43,133 WARNING Отправка сообщения об окончании соединения
2024-06-10 10:13:43,133 WARNING Обрабатываем события на вход
2024-06-10 10:13:43,133 WARNING Отправление данных при освобождении помяти от подключения
2024-06-10 10:13:43,133 WARNING Отправка сообщения об окончании соединения
2024-06-10 10:13:43,133 WARNING Обрабатываем события на вход
2024-06-10 10:13:43,133 WARNING Отправление данных при освобождении помяти от подключения
2024-06-10 10:13:43,133 WARNING Отправка сообщения об окончании соединения
2024-06-10 10:13:43,133 WARNING Обрабатываем события на вход
2024-06-10 10:13:43,133 WARNING Отправление данных при освобождении помяти от подключения
2024-06-10 10:13:43,133 WARNING Отправка сообщения об окончании соединения
2024-06-10 10:13:43,133 WARNING Обрабатываем события на вход
2024-06-10 10:13:43,133 WARNING Отправление данных при освобождении помяти от подключения
2024-06-10 10:13:43,133 WARNING Отправка сообщения об окончании соединения
2024-06-10 10:13:43,133 WARNING Обрабатываем события на вход
2024-06-10 10:13:43,133 WARNING Отправление данных при освобождении помяти от подключения
2024-06-10 10:13:43,133 WARNING Отправка сообщения об окончании соединения
2024-06-10 10:13:43,133 WARNING Обрабатываем события на вход
2024-06-10 10:13:43,133 WARNING Отправление данных при освобождении помяти от подключения
2024-06-10 10:13:43,133 WARNING Отправка сообщения об окончании соединения
2024-06-10 10:13:43,133 WARNING Обрабатываем события на вход
2024-06-10 10:13:43,134 WARNING Отправление данных при освобождении помяти от подключения
2024-06-10 10:13:43,134 WARNING Отправка сообщения об окончании соединения
2024-06-10 10:13:43,134 WARNING Обрабатываем события на вход
2024-06-10 10:13:43,134 WARNING Отправление данных при освобождении помяти от подключения
2024-06-10 10:13:43,134 WARNING Отправка сообщения об окончании соединения
2024-06-10 10:13:43,134 WARNING Обрабатываем события на вход
2024-06-10 10:13:43,134 WARNING Отправление данных при освобождении помяти от подключения
2024-06-10 10:13:43,134 WARNING Отправка сообщения об окончании соединения
2024-06-10 10:13:43,134 WARNING Обрабатываем события на вход
2024-06-10 10:13:43,134 WARNING Отправление данных при освобождении помяти от подключения
2024-06-10 10:13:43,134 WARNING Отправка сообщения об окончании соединения
2024-06-10 10:13:43,134 WARNING Обрабатываем события на вход
2024-06-10 10:13:43,134 WARNING Отправление данных при освобождении помяти от подключения
2024-06-10 10:13:43,134 WARNING Отправка сообщения об окончании соединения
2024-06-10 10:13:43,134 WARNING Обрабатываем события на вход
2024-06-10 10:13:43,134 WARNING Отправление данных при освобождении помяти от подключения
2024-06-10 10:13:43,134 WARNING Отправка сообщения об окончании соединения
2024-06-10 10:13:43,134 WARNING Обрабатываем события на вход
2024-06-10 10:13:43,134 WARNING Отправление данных при освобождении помяти от подключения
2024-06-10 10:13:43,134 WARNING Отправка сообщения об окончании соединения
2024-06-10 10:13:43,134 WARNING Обрабатываем события на вход
2024-06-10 10:13:43,134 WARNING Отправление данных при освобождении помяти от подключения
2024-06-10 10:13:43,134 WARNING Отправка сообщения об окончании соединения
2024-06-10 10:13:43,134 WARNING Обрабатываем события на вход
2024-06-10 10:13:43,134 WARNING Отправление данных при освобождении помяти от подключения
2024-06-10 10:13:43,134 WARNING Отправка сообщения об окончании соединения
2024-06-10 10:13:43,134 WARNING Обрабатываем события на вход
2024-06-10 10:13:43,134 WARNING Отправление данных при освобождении помяти от подключения
2024-06-10 10:13:43,134 WARNING Отправка сообщения об окончании соединения
2024-06-10 10:13:43,134 WARNING Обрабатываем события на вход
2024-06-10 10:13:43,134 WARNING Отправление данных при освобождении помяти от подключения
2024-06-10 10:13:43,134 WARNING Отправка сообщения об окончании соединения
2024-06-10 10:13:43,135 WARNING Обрабатываем события на вход
2024-06-10 10:13:43,135 WARNING Отправление данных при освобождении помяти от подключения
2024-06-10 10:13:43,135 WARNING Отправка сообщения об окончании соединения
2024-06-10 10:13:43,135 WARNING Обрабатываем события на вход
2024-06-10 10:13:43,135 WARNING Отправление данных при освобождении помяти от подключения
2024-06-10 10:13:43,135 WARNING Отправка сообщения об окончании соединения
2024-06-10 10:13:43,135 WARNING Обрабатываем события на вход
2024-06-10 10:13:43,135 WARNING Отправление данных при освобождении помяти от подключения
2024-06-10 10:13:43,135 WARNING Отправка сообщения об окончании соединения
2024-06-10 10:13:43,135 WARNING Обрабатываем события на вход
2024-06-10 10:13:43,135 WARNING Отправление данных при освобождении помяти от подключения
2024-06-10 10:13:43,135 WARNING Отправка сообщения об окончании соединения
2024-06-10 10:13:43,135 WARNING Обрабатываем события на вход
2024-06-10 10:13:43,135 WARNING Отправление данных при освобождении помяти от подключения
2024-06-10 10:13:43,135 WARNING Отправка сообщения об окончании соединения
2024-06-10 10:13:43,135 WARNING Обрабатываем события на вход
2024-06-10 10:13:43,135 WARNING Отправление данных при освобождении помяти от подключения
2024-06-10 10:13:43,135 WARNING Отправка сообщения об окончании соединения
2024-06-10 10:13:43,135 WARNING Очистка ресурсов!
2024-06-10 10:13:47,489 WARNING Обрабатываем события на вход
2024-06-10 10:13:47,489 INFO Новое соединение ('127.0.0.1', 60526)
2024-06-10 10:13:47,489 WARNING Отправление данных при освобождении помяти от подключения
2024-06-10 10:14:13,827 WARNING Обрабатываем события на вход
2024-06-10 10:14:13,827 INFO Обрабатываем не!серверный сокет
2024-06-10 10:14:13,827 WARNING Получаем данные из буфера и парсим их
2024-06-10 10:14:13,827 WARNING Запуск функции QuarantineLocalFile
2024-06-10 10:14:13,830 WARNING Отправление данных при освобождении помяти от подключения
2024-06-10 10:14:13,830 WARNING Обрабатываем события на вход
2024-06-10 10:14:13,830 WARNING Отправление данных при освобождении помяти от подключения
2024-06-10 10:14:13,830 WARNING Отправка сообщения об окончании соединения
2024-06-10 10:14:13,830 WARNING Обрабатываем события на вход
2024-06-10 10:14:13,830 WARNING Отправление данных при освобождении помяти от подключения
2024-06-10 10:14:13,830 WARNING Отправка сообщения об окончании соединения
2024-06-10 10:14:13,830 WARNING Обрабатываем события на вход
2024-06-10 10:14:13,830 WARNING Отправление данных при освобождении помяти от подключения
2024-06-10 10:14:13,830 WARNING Отправка сообщения об окончании соединения
2024-06-10 10:14:13,830 WARNING Обрабатываем события на вход
2024-06-10 10:14:13,830 WARNING Отправление данных при освобождении помяти от подключения
2024-06-10 10:14:13,830 WARNING Отправка сообщения об окончании соединения
2024-06-10 10:14:13,830 WARNING Обрабатываем события на вход
2024-06-10 10:14:13,830 WARNING Отправление данных при освобождении помяти от подключения
2024-06-10 10:14:13,830 WARNING Отправка сообщения об окончании соединения
2024-06-10 10:14:13,830 WARNING Обрабатываем события на вход
2024-06-10 10:14:13,830 WARNING Отправление данных при освобождении помяти от подключения
2024-06-10 10:14:13,830 WARNING Отправка сообщения об окончании соединения
2024-06-10 10:14:13,830 WARNING Обрабатываем события на вход
2024-06-10 10:14:13,830 WARNING Отправление данных при освобождении помяти от подключения
2024-06-10 10:14:13,830 WARNING Отправка сообщения об окончании соединения
2024-06-10 10:14:13,830 WARNING Обрабатываем события на вход
2024-06-10 10:14:13,830 WARNING Отправление данных при освобождении помяти от подключения
2024-06-10 10:14:13,831 WARNING Отправка сообщения об окончании соединения
2024-06-10 10:14:13,831 WARNING Обрабатываем события на вход
2024-06-10 10:14:13,831 WARNING Отправление данных при освобождении помяти от подключения
2024-06-10 10:14:13,831 WARNING Отправка сообщения об окончании соединения
2024-06-10 10:14:13,831 WARNING Обрабатываем события на вход
2024-06-10 10:14:13,831 WARNING Отправление данных при освобождении помяти от подключения
2024-06-10 10:14:13,831 WARNING Отправка сообщения об окончании соединения
2024-06-10 10:14:13,831 WARNING Обрабатываем события на вход
2024-06-10 10:14:13,831 WARNING Отправление данных при освобождении помяти от подключения
2024-06-10 10:14:13,831 WARNING Отправка сообщения об окончании соединения
2024-06-10 10:14:13,831 WARNING Обрабатываем события на вход
2024-06-10 10:14:13,831 WARNING Отправление данных при освобождении помяти от подключения
2024-06-10 10:14:13,831 WARNING Отправка сообщения об окончании соединения
2024-06-10 10:14:13,831 WARNING Обрабатываем события на вход
2024-06-10 10:14:13,831 WARNING Отправление данных при освобождении помяти от подключения
2024-06-10 10:14:13,831 WARNING Отправка сообщения об окончании соединения
2024-06-10 10:14:13,831 WARNING Обрабатываем события на вход
2024-06-10 10:14:13,831 WARNING Отправление данных при освобождении помяти от подключения
2024-06-10 10:14:13,831 WARNING Отправка сообщения об окончании соединения
2024-06-10 10:14:13,831 WARNING Обрабатываем события на вход
2024-06-10 10:14:13,831 WARNING Отправление данных при освобождении помяти от подключения
2024-06-10 10:14:13,831 WARNING Отправка сообщения об окончании соединения
2024-06-10 10:14:13,831 WARNING Обрабатываем события на вход
2024-06-10 10:14:13,831 WARNING Отправление данных при освобождении помяти от подключения
2024-06-10 10:14:13,831 WARNING Отправка сообщения об окончании соединения
2024-06-10 10:14:13,831 WARNING Обрабатываем события на вход
2024-06-10 10:14:13,831 WARNING Отправление данных при освобождении помяти от подключения
2024-06-10 10:14:13,831 WARNING Отправка сообщения об окончании соединения
2024-06-10 10:14:13,831 WARNING Обрабатываем события на вход
2024-06-10 10:14:13,831 WARNING Отправление данных при освобождении помяти от подключения
2024-06-10 10:14:13,831 WARNING Отправка сообщения об окончании соединения
2024-06-10 10:14:13,831 WARNING Обрабатываем события на вход
2024-06-10 10:14:13,832 WARNING Отправление данных при освобождении помяти от подключения
2024-06-10 10:14:13,832 WARNING Отправка сообщения об окончании соединения
2024-06-10 10:14:13,832 WARNING Обрабатываем события на вход
2024-06-10 10:14:13,832 WARNING Отправление данных при освобождении помяти от подключения
2024-06-10 10:14:13,832 WARNING Отправка сообщения об окончании соединения
2024-06-10 10:14:13,832 WARNING Обрабатываем события на вход
2024-06-10 10:14:13,832 WARNING Отправление данных при освобождении помяти от подключения
2024-06-10 10:14:13,832 WARNING Отправка сообщения об окончании соединения
2024-06-10 10:14:13,832 WARNING Обрабатываем события на вход
2024-06-10 10:14:13,832 WARNING Отправление данных при освобождении помяти от подключения
2024-06-10 10:14:13,832 WARNING Отправка сообщения об окончании соединения
2024-06-10 10:14:13,832 WARNING Обрабатываем события на вход
2024-06-10 10:14:13,832 WARNING Отправление данных при освобождении помяти от подключения
2024-06-10 10:14:13,832 WARNING Отправка сообщения об окончании соединения
2024-06-10 10:14:13,832 WARNING Обрабатываем события на вход
2024-06-10 10:14:13,832 WARNING Отправление данных при освобождении помяти от подключения
2024-06-10 10:14:13,832 WARNING Отправка сообщения об окончании соединения
2024-06-10 10:14:13,832 WARNING Обрабатываем события на вход
2024-06-10 10:14:13,832 WARNING Отправление данных при освобождении помяти от подключения
2024-06-10 10:14:13,832 WARNING Отправка сообщения об окончании соединения
2024-06-10 10:14:13,832 WARNING Обрабатываем события на вход
2024-06-10 10:14:13,832 WARNING Отправление данных при освобождении помяти от подключения
2024-06-10 10:14:13,832 WARNING Отправка сообщения об окончании соединения
2024-06-10 10:14:13,832 WARNING Обрабатываем события на вход
2024-06-10 10:14:13,832 WARNING Отправление данных при освобождении помяти от подключения
2024-06-10 10:14:13,832 WARNING Отправка сообщения об окончании соединения
2024-06-10 10:14:13,832 WARNING Обрабатываем события на вход
2024-06-10 10:14:13,832 WARNING Отправление данных при освобождении помяти от подключения
2024-06-10 10:14:13,832 WARNING Отправка сообщения об окончании соединения
2024-06-10 10:14:13,832 WARNING Обрабатываем события на вход
2024-06-10 10:14:13,832 WARNING Отправление данных при освобождении помяти от подключения
2024-06-10 10:14:13,832 WARNING Отправка сообщения об окончании соединения
2024-06-10 10:14:13,832 WARNING Обрабатываем события на вход
2024-06-10 10:14:13,832 WARNING Отправление данных при освобождении помяти от подключения
2024-06-10 10:14:13,832 WARNING Отправка сообщения об окончании соединения
2024-06-10 10:14:13,832 WARNING Обрабатываем события на вход
2024-06-10 10:14:13,833 WARNING Отправление данных при освобождении помяти от подключения
2024-06-10 10:14:13,833 WARNING Отправка сообщения об окончании соединения
2024-06-10 10:14:13,833 WARNING Очистка ресурсов!
2024-06-10 14:33:16,742 WARNING Очистка ресурсов!
2024-06-10 14:33:16,745 INFO Server stopped! Thank you for using!
